<?xml version="1.0" encoding="UTF-8"?>
<testsuite xmlns:xsi="http://www.w3.org/2001/XMLSchema-instance" xsi:noNamespaceSchemaLocation="https://maven.apache.org/surefire/maven-surefire-plugin/xsd/surefire-test-report.xsd" name="org.mybatis.generator.JavaCodeGenerationTest" time="12.908" tests="581" errors="0" skipped="0" failures="0">
  <properties>
[...]
</properties>
  <testcase name="testJavaParse[0]" classname="org.mybatis.generator.JavaCodeGenerationTest" time="1.487"/>
  <testcase name="testJavaParse[1]" classname="org.mybatis.generator.JavaCodeGenerationTest" time="0.023"/>
  <testcase name="testJavaParse[2]" classname="org.mybatis.generator.JavaCodeGenerationTest" time="0.019"/>
  <testcase name="testJavaParse[3]" classname="org.mybatis.generator.JavaCodeGenerationTest" time="0.064"/>
  <testcase name="testJavaParse[4]" classname="org.mybatis.generator.JavaCodeGenerationTest" time="0.01"/>
  <testcase name="testJavaParse[5]" classname="org.mybatis.generator.JavaCodeGenerationTest" time="0.009"/>
  <testcase name="testJavaParse[6]" classname="org.mybatis.generator.JavaCodeGenerationTest" time="0.243"/>
  <testcase name="testJavaParse[7]" classname="org.mybatis.generator.JavaCodeGenerationTest" time="0.033"/>
  <testcase name="testJavaParse[8]" classname="org.mybatis.generator.JavaCodeGenerationTest" time="0.019"/>
  <testcase name="testJavaParse[9]" classname="org.mybatis.generator.JavaCodeGenerationTest" time="0.031"/>
  <testcase name="testJavaParse[10]" classname="org.mybatis.generator.JavaCodeGenerationTest" time="0.021"/>
  <testcase name="testJavaParse[11]" classname="org.mybatis.generator.JavaCodeGenerationTest" time="0.015"/>
  <testcase name="testJavaParse[12]" classname="org.mybatis.generator.JavaCodeGenerationTest" time="0.062"/>
  <testcase name="testJavaParse[13]" classname="org.mybatis.generator.JavaCodeGenerationTest" time="0.022"/>
  <testcase name="testJavaParse[14]" classname="org.mybatis.generator.JavaCodeGenerationTest" time="0.009"/>
  <testcase name="testJavaParse[15]" classname="org.mybatis.generator.JavaCodeGenerationTest" time="0.03"/>
  <testcase name="testJavaParse[16]" classname="org.mybatis.generator.JavaCodeGenerationTest" time="0.014"/>
  <testcase name="testJavaParse[17]" classname="org.mybatis.generator.JavaCodeGenerationTest" time="0.006"/>
  <testcase name="testJavaParse[18]" classname="org.mybatis.generator.JavaCodeGenerationTest" time="0.167"/>
  <testcase name="testJavaParse[19]" classname="org.mybatis.generator.JavaCodeGenerationTest" time="0.045"/>
  <testcase name="testJavaParse[20]" classname="org.mybatis.generator.JavaCodeGenerationTest" time="0.005"/>
  <testcase name="testJavaParse[21]" classname="org.mybatis.generator.JavaCodeGenerationTest" time="0.034"/>
  <testcase name="testJavaParse[22]" classname="org.mybatis.generator.JavaCodeGenerationTest" time="0.009"/>
  <testcase name="testJavaParse[23]" classname="org.mybatis.generator.JavaCodeGenerationTest" time="0.014"/>
  <testcase name="testJavaParse[24]" classname="org.mybatis.generator.JavaCodeGenerationTest" time="0.035"/>
  <testcase name="testJavaParse[25]" classname="org.mybatis.generator.JavaCodeGenerationTest" time="0.011"/>
  <testcase name="testJavaParse[26]" classname="org.mybatis.generator.JavaCodeGenerationTest" time="0.003"/>
  <testcase name="testJavaParse[27]" classname="org.mybatis.generator.JavaCodeGenerationTest" time="0.026"/>
  <testcase name="testJavaParse[28]" classname="org.mybatis.generator.JavaCodeGenerationTest" time="0.006"/>
  <testcase name="testJavaParse[29]" classname="org.mybatis.generator.JavaCodeGenerationTest" time="0.003"/>
  <testcase name="testJavaParse[30]" classname="org.mybatis.generator.JavaCodeGenerationTest" time="0.072"/>
  <testcase name="testJavaParse[31]" classname="org.mybatis.generator.JavaCodeGenerationTest" time="0.01"/>
  <testcase name="testJavaParse[32]" classname="org.mybatis.generator.JavaCodeGenerationTest" time="0.014"/>
  <testcase name="testJavaParse[33]" classname="org.mybatis.generator.JavaCodeGenerationTest" time="0.003"/>
  <testcase name="testJavaParse[34]" classname="org.mybatis.generator.JavaCodeGenerationTest" time="0.017"/>
  <testcase name="testJavaParse[35]" classname="org.mybatis.generator.JavaCodeGenerationTest" time="0.003"/>
  <testcase name="testJavaParse[36]" classname="org.mybatis.generator.JavaCodeGenerationTest" time="0.007"/>
  <testcase name="testJavaParse[37]" classname="org.mybatis.generator.JavaCodeGenerationTest" time="0.004"/>
  <testcase name="testJavaParse[38]" classname="org.mybatis.generator.JavaCodeGenerationTest" time="0.032"/>
  <testcase name="testJavaParse[39]" classname="org.mybatis.generator.JavaCodeGenerationTest" time="0.014"/>
  <testcase name="testJavaParse[40]" classname="org.mybatis.generator.JavaCodeGenerationTest" time="0.004"/>
  <testcase name="testJavaParse[41]" classname="org.mybatis.generator.JavaCodeGenerationTest" time="0.005"/>
  <testcase name="testJavaParse[42]" classname="org.mybatis.generator.JavaCodeGenerationTest" time="0.006"/>
  <testcase name="testJavaParse[43]" classname="org.mybatis.generator.JavaCodeGenerationTest" time="0.018"/>
  <testcase name="testJavaParse[44]" classname="org.mybatis.generator.JavaCodeGenerationTest" time="0.006"/>
  <testcase name="testJavaParse[45]" classname="org.mybatis.generator.JavaCodeGenerationTest" time="0.007"/>
  <testcase name="testJavaParse[46]" classname="org.mybatis.generator.JavaCodeGenerationTest" time="0.005"/>
  <testcase name="testJavaParse[47]" classname="org.mybatis.generator.JavaCodeGenerationTest" time="0.068"/>
  <testcase name="testJavaParse[48]" classname="org.mybatis.generator.JavaCodeGenerationTest" time="0.006"/>
  <testcase name="testJavaParse[49]" classname="org.mybatis.generator.JavaCodeGenerationTest" time="0.014"/>
  <testcase name="testJavaParse[50]" classname="org.mybatis.generator.JavaCodeGenerationTest" time="0.003"/>
  <testcase name="testJavaParse[51]" classname="org.mybatis.generator.JavaCodeGenerationTest" time="0.018"/>
  <testcase name="testJavaParse[52]" classname="org.mybatis.generator.JavaCodeGenerationTest" time="0.002"/>
  <testcase name="testJavaParse[53]" classname="org.mybatis.generator.JavaCodeGenerationTest" time="0.004"/>
  <testcase name="testJavaParse[54]" classname="org.mybatis.generator.JavaCodeGenerationTest" time="0.002"/>
  <testcase name="testJavaParse[55]" classname="org.mybatis.generator.JavaCodeGenerationTest" time="0.026"/>
  <testcase name="testJavaParse[56]" classname="org.mybatis.generator.JavaCodeGenerationTest" time="0.015"/>
  <testcase name="testJavaParse[57]" classname="org.mybatis.generator.JavaCodeGenerationTest" time="0.003"/>
  <testcase name="testJavaParse[58]" classname="org.mybatis.generator.JavaCodeGenerationTest" time="0.027"/>
  <testcase name="testJavaParse[59]" classname="org.mybatis.generator.JavaCodeGenerationTest" time="0.006"/>
  <testcase name="testJavaParse[60]" classname="org.mybatis.generator.JavaCodeGenerationTest" time="0.002"/>
  <testcase name="testJavaParse[61]" classname="org.mybatis.generator.JavaCodeGenerationTest" time="0.067"/>
  <testcase name="testJavaParse[62]" classname="org.mybatis.generator.JavaCodeGenerationTest" time="0.005"/>
  <testcase name="testJavaParse[63]" classname="org.mybatis.generator.JavaCodeGenerationTest" time="0.017"/>
  <testcase name="testJavaParse[64]" classname="org.mybatis.generator.JavaCodeGenerationTest" time="0.005"/>
  <testcase name="testJavaParse[65]" classname="org.mybatis.generator.JavaCodeGenerationTest" time="0.012"/>
  <testcase name="testJavaParse[66]" classname="org.mybatis.generator.JavaCodeGenerationTest" time="0.012"/>
  <testcase name="testJavaParse[67]" classname="org.mybatis.generator.JavaCodeGenerationTest" time="0.006"/>
  <testcase name="testJavaParse[68]" classname="org.mybatis.generator.JavaCodeGenerationTest" time="0.024"/>
  <testcase name="testJavaParse[69]" classname="org.mybatis.generator.JavaCodeGenerationTest" time="0.005"/>
  <testcase name="testJavaParse[70]" classname="org.mybatis.generator.JavaCodeGenerationTest" time="0.005"/>
  <testcase name="testJavaParse[71]" classname="org.mybatis.generator.JavaCodeGenerationTest" time="0.004"/>
  <testcase name="testJavaParse[72]" classname="org.mybatis.generator.JavaCodeGenerationTest" time="0.022"/>
  <testcase name="testJavaParse[73]" classname="org.mybatis.generator.JavaCodeGenerationTest" time="0.003"/>
  <testcase name="testJavaParse[74]" classname="org.mybatis.generator.JavaCodeGenerationTest" time="0.007"/>
  <testcase name="testJavaParse[75]" classname="org.mybatis.generator.JavaCodeGenerationTest" time="0.012"/>
  <testcase name="testJavaParse[76]" classname="org.mybatis.generator.JavaCodeGenerationTest" time="0.072"/>
  <testcase name="testJavaParse[77]" classname="org.mybatis.generator.JavaCodeGenerationTest" time="0.019"/>
  <testcase name="testJavaParse[78]" classname="org.mybatis.generator.JavaCodeGenerationTest" time="0.001"/>
  <testcase name="testJavaParse[79]" classname="org.mybatis.generator.JavaCodeGenerationTest" time="0.052"/>
  <testcase name="testJavaParse[80]" classname="org.mybatis.generator.JavaCodeGenerationTest" time="0.004"/>
  <testcase name="testJavaParse[81]" classname="org.mybatis.generator.JavaCodeGenerationTest" time="0.013"/>
  <testcase name="testJavaParse[82]" classname="org.mybatis.generator.JavaCodeGenerationTest" time="0.003"/>
  <testcase name="testJavaParse[83]" classname="org.mybatis.generator.JavaCodeGenerationTest" time="0.021"/>
  <testcase name="testJavaParse[84]" classname="org.mybatis.generator.JavaCodeGenerationTest" time="0.008"/>
  <testcase name="testJavaParse[85]" classname="org.mybatis.generator.JavaCodeGenerationTest" time="0.003"/>
  <testcase name="testJavaParse[86]" classname="org.mybatis.generator.JavaCodeGenerationTest" time="0.015"/>
  <testcase name="testJavaParse[87]" classname="org.mybatis.generator.JavaCodeGenerationTest" time="0.005"/>
  <testcase name="testJavaParse[88]" classname="org.mybatis.generator.JavaCodeGenerationTest" time="0.002"/>
  <testcase name="testJavaParse[89]" classname="org.mybatis.generator.JavaCodeGenerationTest" time="0.015"/>
  <testcase name="testJavaParse[90]" classname="org.mybatis.generator.JavaCodeGenerationTest" time="0.008"/>
  <testcase name="testJavaParse[91]" classname="org.mybatis.generator.JavaCodeGenerationTest" time="0.003"/>
  <testcase name="testJavaParse[92]" classname="org.mybatis.generator.JavaCodeGenerationTest" time="0.014"/>
  <testcase name="testJavaParse[93]" classname="org.mybatis.generator.JavaCodeGenerationTest" time="0.005"/>
  <testcase name="testJavaParse[94]" classname="org.mybatis.generator.JavaCodeGenerationTest" time="0.002"/>
  <testcase name="testJavaParse[95]" classname="org.mybatis.generator.JavaCodeGenerationTest" time="0.015"/>
  <testcase name="testJavaParse[96]" classname="org.mybatis.generator.JavaCodeGenerationTest" time="0.003"/>
  <testcase name="testJavaParse[97]" classname="org.mybatis.generator.JavaCodeGenerationTest" time="0.003"/>
  <testcase name="testJavaParse[98]" classname="org.mybatis.generator.JavaCodeGenerationTest" time="0.016"/>
  <testcase name="testJavaParse[99]" classname="org.mybatis.generator.JavaCodeGenerationTest" time="0.005"/>
  <testcase name="testJavaParse[100]" classname="org.mybatis.generator.JavaCodeGenerationTest" time="0.002"/>
  <testcase name="testJavaParse[101]" classname="org.mybatis.generator.JavaCodeGenerationTest" time="0.036"/>
  <testcase name="testJavaParse[102]" classname="org.mybatis.generator.JavaCodeGenerationTest" time="0.007"/>
  <testcase name="testJavaParse[103]" classname="org.mybatis.generator.JavaCodeGenerationTest" time="0.029"/>
  <testcase name="testJavaParse[104]" classname="org.mybatis.generator.JavaCodeGenerationTest" time="0.003"/>
  <testcase name="testJavaParse[105]" classname="org.mybatis.generator.JavaCodeGenerationTest" time="0.002"/>
  <testcase name="testJavaParse[106]" classname="org.mybatis.generator.JavaCodeGenerationTest" time="0.004"/>
  <testcase name="testJavaParse[107]" classname="org.mybatis.generator.JavaCodeGenerationTest" time="0.024"/>
  <testcase name="testJavaParse[108]" classname="org.mybatis.generator.JavaCodeGenerationTest" time="0.003"/>
  <testcase name="testJavaParse[109]" classname="org.mybatis.generator.JavaCodeGenerationTest" time="0.002"/>
  <testcase name="testJavaParse[110]" classname="org.mybatis.generator.JavaCodeGenerationTest" time="0.006"/>
  <testcase name="testJavaParse[111]" classname="org.mybatis.generator.JavaCodeGenerationTest" time="0.008"/>
  <testcase name="testJavaParse[112]" classname="org.mybatis.generator.JavaCodeGenerationTest" time="0.002"/>
  <testcase name="testJavaParse[113]" classname="org.mybatis.generator.JavaCodeGenerationTest" time="0.027"/>
  <testcase name="testJavaParse[114]" classname="org.mybatis.generator.JavaCodeGenerationTest" time="0.003"/>
  <testcase name="testJavaParse[115]" classname="org.mybatis.generator.JavaCodeGenerationTest" time="0.002"/>
  <testcase name="testJavaParse[116]" classname="org.mybatis.generator.JavaCodeGenerationTest" time="0.025"/>
  <testcase name="testJavaParse[117]" classname="org.mybatis.generator.JavaCodeGenerationTest" time="0.002"/>
  <testcase name="testJavaParse[118]" classname="org.mybatis.generator.JavaCodeGenerationTest" time="0.003"/>
  <testcase name="testJavaParse[119]" classname="org.mybatis.generator.JavaCodeGenerationTest" time="0.004"/>
  <testcase name="testJavaParse[120]" classname="org.mybatis.generator.JavaCodeGenerationTest" time="0.025"/>
  <testcase name="testJavaParse[121]" classname="org.mybatis.generator.JavaCodeGenerationTest" time="0.002"/>
  <testcase name="testJavaParse[122]" classname="org.mybatis.generator.JavaCodeGenerationTest" time="0.007"/>
  <testcase name="testJavaParse[123]" classname="org.mybatis.generator.JavaCodeGenerationTest" time="0.033"/>
  <testcase name="testJavaParse[124]" classname="org.mybatis.generator.JavaCodeGenerationTest" time="0"/>
  <testcase name="testJavaParse[125]" classname="org.mybatis.generator.JavaCodeGenerationTest" time="0.002"/>
  <testcase name="testJavaParse[126]" classname="org.mybatis.generator.JavaCodeGenerationTest" time="0.008"/>
  <testcase name="testJavaParse[127]" classname="org.mybatis.generator.JavaCodeGenerationTest" time="0.095"/>
  <testcase name="testJavaParse[128]" classname="org.mybatis.generator.JavaCodeGenerationTest" time="0.003"/>
  <testcase name="testJavaParse[129]" classname="org.mybatis.generator.JavaCodeGenerationTest" time="0.012"/>
  <testcase name="testJavaParse[130]" classname="org.mybatis.generator.JavaCodeGenerationTest" time="0.003"/>
  <testcase name="testJavaParse[131]" classname="org.mybatis.generator.JavaCodeGenerationTest" time="0.026"/>
  <testcase name="testJavaParse[132]" classname="org.mybatis.generator.JavaCodeGenerationTest" time="0.002"/>
  <testcase name="testJavaParse[133]" classname="org.mybatis.generator.JavaCodeGenerationTest" time="0.002"/>
  <testcase name="testJavaParse[134]" classname="org.mybatis.generator.JavaCodeGenerationTest" time="0.004"/>
  <testcase name="testJavaParse[135]" classname="org.mybatis.generator.JavaCodeGenerationTest" time="0.008"/>
  <testcase name="testJavaParse[136]" classname="org.mybatis.generator.JavaCodeGenerationTest" time="0.039"/>
  <testcase name="testJavaParse[137]" classname="org.mybatis.generator.JavaCodeGenerationTest" time="0.003"/>
  <testcase name="testJavaParse[138]" classname="org.mybatis.generator.JavaCodeGenerationTest" time="0.002"/>
  <testcase name="testJavaParse[139]" classname="org.mybatis.generator.JavaCodeGenerationTest" time="0.005"/>
  <testcase name="testJavaParse[140]" classname="org.mybatis.generator.JavaCodeGenerationTest" time="0.025"/>
  <testcase name="testJavaParse[141]" classname="org.mybatis.generator.JavaCodeGenerationTest" time="0.002"/>
  <testcase name="testJavaParse[142]" classname="org.mybatis.generator.JavaCodeGenerationTest" time="0.003"/>
  <testcase name="testJavaParse[143]" classname="org.mybatis.generator.JavaCodeGenerationTest" time="0.022"/>
  <testcase name="testJavaParse[144]" classname="org.mybatis.generator.JavaCodeGenerationTest" time="0.001"/>
  <testcase name="testJavaParse[145]" classname="org.mybatis.generator.JavaCodeGenerationTest" time="0.001"/>
  <testcase name="testJavaParse[146]" classname="org.mybatis.generator.JavaCodeGenerationTest" time="0.002"/>
  <testcase name="testJavaParse[147]" classname="org.mybatis.generator.JavaCodeGenerationTest" time="0.015"/>
  <testcase name="testJavaParse[148]" classname="org.mybatis.generator.JavaCodeGenerationTest" time="0.001"/>
  <testcase name="testJavaParse[149]" classname="org.mybatis.generator.JavaCodeGenerationTest" time="0.002"/>
  <testcase name="testJavaParse[150]" classname="org.mybatis.generator.JavaCodeGenerationTest" time="0.011"/>
  <testcase name="testJavaParse[151]" classname="org.mybatis.generator.JavaCodeGenerationTest" time="0.002"/>
  <testcase name="testJavaParse[152]" classname="org.mybatis.generator.JavaCodeGenerationTest" time="0.002"/>
  <testcase name="testJavaParse[153]" classname="org.mybatis.generator.JavaCodeGenerationTest" time="0.061"/>
  <testcase name="testJavaParse[154]" classname="org.mybatis.generator.JavaCodeGenerationTest" time="0.002"/>
  <testcase name="testJavaParse[155]" classname="org.mybatis.generator.JavaCodeGenerationTest" time="0.007"/>
  <testcase name="testJavaParse[156]" classname="org.mybatis.generator.JavaCodeGenerationTest" time="0.004"/>
  <testcase name="testJavaParse[157]" classname="org.mybatis.generator.JavaCodeGenerationTest" time="0.017"/>
  <testcase name="testJavaParse[158]" classname="org.mybatis.generator.JavaCodeGenerationTest" time="0.002"/>
  <testcase name="testJavaParse[159]" classname="org.mybatis.generator.JavaCodeGenerationTest" time="0.002"/>
  <testcase name="testJavaParse[160]" classname="org.mybatis.generator.JavaCodeGenerationTest" time="0.003"/>
  <testcase name="testJavaParse[161]" classname="org.mybatis.generator.JavaCodeGenerationTest" time="0.019"/>
  <testcase name="testJavaParse[162]" classname="org.mybatis.generator.JavaCodeGenerationTest" time="0.001"/>
  <testcase name="testJavaParse[163]" classname="org.mybatis.generator.JavaCodeGenerationTest" time="0.001"/>
  <testcase name="testJavaParse[164]" classname="org.mybatis.generator.JavaCodeGenerationTest" time="0.002"/>
  <testcase name="testJavaParse[165]" classname="org.mybatis.generator.JavaCodeGenerationTest" time="0.01"/>
  <testcase name="testJavaParse[166]" classname="org.mybatis.generator.JavaCodeGenerationTest" time="0"/>
  <testcase name="testJavaParse[167]" classname="org.mybatis.generator.JavaCodeGenerationTest" time="0"/>
  <testcase name="testJavaParse[168]" classname="org.mybatis.generator.JavaCodeGenerationTest" time="0.023"/>
  <testcase name="testJavaParse[169]" classname="org.mybatis.generator.JavaCodeGenerationTest" time="0.018"/>
  <testcase name="testJavaParse[170]" classname="org.mybatis.generator.JavaCodeGenerationTest" time="0.002"/>
  <testcase name="testJavaParse[171]" classname="org.mybatis.generator.JavaCodeGenerationTest" time="0.003"/>
  <testcase name="testJavaParse[172]" classname="org.mybatis.generator.JavaCodeGenerationTest" time="0.011"/>
  <testcase name="testJavaParse[173]" classname="org.mybatis.generator.JavaCodeGenerationTest" time="0.044"/>
  <testcase name="testJavaParse[174]" classname="org.mybatis.generator.JavaCodeGenerationTest" time="0.009"/>
  <testcase name="testJavaParse[175]" classname="org.mybatis.generator.JavaCodeGenerationTest" time="0.013"/>
  <testcase name="testJavaParse[176]" classname="org.mybatis.generator.JavaCodeGenerationTest" time="0.016"/>
  <testcase name="testJavaParse[177]" classname="org.mybatis.generator.JavaCodeGenerationTest" time="0.013"/>
  <testcase name="testJavaParse[178]" classname="org.mybatis.generator.JavaCodeGenerationTest" time="0.003"/>
  <testcase name="testJavaParse[179]" classname="org.mybatis.generator.JavaCodeGenerationTest" time="0.011"/>
  <testcase name="testJavaParse[180]" classname="org.mybatis.generator.JavaCodeGenerationTest" time="0.01"/>
  <testcase name="testJavaParse[181]" classname="org.mybatis.generator.JavaCodeGenerationTest" time="0.019"/>
  <testcase name="testJavaParse[182]" classname="org.mybatis.generator.JavaCodeGenerationTest" time="0.004"/>
  <testcase name="testJavaParse[183]" classname="org.mybatis.generator.JavaCodeGenerationTest" time="0.007"/>
  <testcase name="testJavaParse[184]" classname="org.mybatis.generator.JavaCodeGenerationTest" time="0.018"/>
  <testcase name="testJavaParse[185]" classname="org.mybatis.generator.JavaCodeGenerationTest" time="0.017"/>
  <testcase name="testJavaParse[186]" classname="org.mybatis.generator.JavaCodeGenerationTest" time="0.004"/>
  <testcase name="testJavaParse[187]" classname="org.mybatis.generator.JavaCodeGenerationTest" time="0.009"/>
  <testcase name="testJavaParse[188]" classname="org.mybatis.generator.JavaCodeGenerationTest" time="0.009"/>
  <testcase name="testJavaParse[189]" classname="org.mybatis.generator.JavaCodeGenerationTest" time="0.058"/>
  <testcase name="testJavaParse[190]" classname="org.mybatis.generator.JavaCodeGenerationTest" time="0.021"/>
  <testcase name="testJavaParse[191]" classname="org.mybatis.generator.JavaCodeGenerationTest" time="0.017"/>
  <testcase name="testJavaParse[192]" classname="org.mybatis.generator.JavaCodeGenerationTest" time="0.025"/>
  <testcase name="testJavaParse[193]" classname="org.mybatis.generator.JavaCodeGenerationTest" time="0.016"/>
  <testcase name="testJavaParse[194]" classname="org.mybatis.generator.JavaCodeGenerationTest" time="0.004"/>
  <testcase name="testJavaParse[195]" classname="org.mybatis.generator.JavaCodeGenerationTest" time="0.003"/>
  <testcase name="testJavaParse[196]" classname="org.mybatis.generator.JavaCodeGenerationTest" time="0.008"/>
  <testcase name="testJavaParse[197]" classname="org.mybatis.generator.JavaCodeGenerationTest" time="0.011"/>
  <testcase name="testJavaParse[198]" classname="org.mybatis.generator.JavaCodeGenerationTest" time="0.003"/>
  <testcase name="testJavaParse[199]" classname="org.mybatis.generator.JavaCodeGenerationTest" time="0.006"/>
  <testcase name="testJavaParse[200]" classname="org.mybatis.generator.JavaCodeGenerationTest" time="0.01"/>
  <testcase name="testJavaParse[201]" classname="org.mybatis.generator.JavaCodeGenerationTest" time="0.052"/>
  <testcase name="testJavaParse[202]" classname="org.mybatis.generator.JavaCodeGenerationTest" time="0.002"/>
  <testcase name="testJavaParse[203]" classname="org.mybatis.generator.JavaCodeGenerationTest" time="0.009"/>
  <testcase name="testJavaParse[204]" classname="org.mybatis.generator.JavaCodeGenerationTest" time="0.014"/>
  <testcase name="testJavaParse[205]" classname="org.mybatis.generator.JavaCodeGenerationTest" time="0.021"/>
  <testcase name="testJavaParse[206]" classname="org.mybatis.generator.JavaCodeGenerationTest" time="0.007"/>
  <testcase name="testJavaParse[207]" classname="org.mybatis.generator.JavaCodeGenerationTest" time="0.002"/>
  <testcase name="testJavaParse[208]" classname="org.mybatis.generator.JavaCodeGenerationTest" time="0.003"/>
  <testcase name="testJavaParse[209]" classname="org.mybatis.generator.JavaCodeGenerationTest" time="0.007"/>
  <testcase name="testJavaParse[210]" classname="org.mybatis.generator.JavaCodeGenerationTest" time="0.012"/>
  <testcase name="testJavaParse[211]" classname="org.mybatis.generator.JavaCodeGenerationTest" time="0.024"/>
  <testcase name="testJavaParse[212]" classname="org.mybatis.generator.JavaCodeGenerationTest" time="0.003"/>
  <testcase name="testJavaParse[213]" classname="org.mybatis.generator.JavaCodeGenerationTest" time="0.003"/>
  <testcase name="testJavaParse[214]" classname="org.mybatis.generator.JavaCodeGenerationTest" time="0.007"/>
  <testcase name="testJavaParse[215]" classname="org.mybatis.generator.JavaCodeGenerationTest" time="0.009"/>
  <testcase name="testJavaParse[216]" classname="org.mybatis.generator.JavaCodeGenerationTest" time="0.009"/>
  <testcase name="testJavaParse[217]" classname="org.mybatis.generator.JavaCodeGenerationTest" time="0.01"/>
  <testcase name="testJavaParse[218]" classname="org.mybatis.generator.JavaCodeGenerationTest" time="0.003"/>
  <testcase name="testJavaParse[219]" classname="org.mybatis.generator.JavaCodeGenerationTest" time="0.004"/>
  <testcase name="testJavaParse[220]" classname="org.mybatis.generator.JavaCodeGenerationTest" time="0.006"/>
  <testcase name="testJavaParse[221]" classname="org.mybatis.generator.JavaCodeGenerationTest" time="0.009"/>
  <testcase name="testJavaParse[222]" classname="org.mybatis.generator.JavaCodeGenerationTest" time="0.048"/>
  <testcase name="testJavaParse[223]" classname="org.mybatis.generator.JavaCodeGenerationTest" time="0.004"/>
  <testcase name="testJavaParse[224]" classname="org.mybatis.generator.JavaCodeGenerationTest" time="0.011"/>
  <testcase name="testJavaParse[225]" classname="org.mybatis.generator.JavaCodeGenerationTest" time="0.014"/>
  <testcase name="testJavaParse[226]" classname="org.mybatis.generator.JavaCodeGenerationTest" time="0.028"/>
  <testcase name="testJavaParse[227]" classname="org.mybatis.generator.JavaCodeGenerationTest" time="0.024"/>
  <testcase name="testJavaParse[228]" classname="org.mybatis.generator.JavaCodeGenerationTest" time="0.008"/>
  <testcase name="testJavaParse[229]" classname="org.mybatis.generator.JavaCodeGenerationTest" time="0.007"/>
  <testcase name="testJavaParse[230]" classname="org.mybatis.generator.JavaCodeGenerationTest" time="0.014"/>
  <testcase name="testJavaParse[231]" classname="org.mybatis.generator.JavaCodeGenerationTest" time="0.023"/>
  <testcase name="testJavaParse[232]" classname="org.mybatis.generator.JavaCodeGenerationTest" time="0.003"/>
  <testcase name="testJavaParse[233]" classname="org.mybatis.generator.JavaCodeGenerationTest" time="0.005"/>
  <testcase name="testJavaParse[234]" classname="org.mybatis.generator.JavaCodeGenerationTest" time="0.048"/>
  <testcase name="testJavaParse[235]" classname="org.mybatis.generator.JavaCodeGenerationTest" time="0.075"/>
  <testcase name="testJavaParse[236]" classname="org.mybatis.generator.JavaCodeGenerationTest" time="0.007"/>
  <testcase name="testJavaParse[237]" classname="org.mybatis.generator.JavaCodeGenerationTest" time="0.014"/>
  <testcase name="testJavaParse[238]" classname="org.mybatis.generator.JavaCodeGenerationTest" time="0.014"/>
  <testcase name="testJavaParse[239]" classname="org.mybatis.generator.JavaCodeGenerationTest" time="0.077"/>
  <testcase name="testJavaParse[240]" classname="org.mybatis.generator.JavaCodeGenerationTest" time="0.032"/>
  <testcase name="testJavaParse[241]" classname="org.mybatis.generator.JavaCodeGenerationTest" time="0.007"/>
  <testcase name="testJavaParse[242]" classname="org.mybatis.generator.JavaCodeGenerationTest" time="0.01"/>
  <testcase name="testJavaParse[243]" classname="org.mybatis.generator.JavaCodeGenerationTest" time="0.026"/>
  <testcase name="testJavaParse[244]" classname="org.mybatis.generator.JavaCodeGenerationTest" time="0.036"/>
  <testcase name="testJavaParse[245]" classname="org.mybatis.generator.JavaCodeGenerationTest" time="0.005"/>
  <testcase name="testJavaParse[246]" classname="org.mybatis.generator.JavaCodeGenerationTest" time="0.007"/>
  <testcase name="testJavaParse[247]" classname="org.mybatis.generator.JavaCodeGenerationTest" time="0.009"/>
  <testcase name="testJavaParse[248]" classname="org.mybatis.generator.JavaCodeGenerationTest" time="0.024"/>
  <testcase name="testJavaParse[249]" classname="org.mybatis.generator.JavaCodeGenerationTest" time="0.013"/>
  <testcase name="testJavaParse[250]" classname="org.mybatis.generator.JavaCodeGenerationTest" time="0.006"/>
  <testcase name="testJavaParse[251]" classname="org.mybatis.generator.JavaCodeGenerationTest" time="0.003"/>
  <testcase name="testJavaParse[252]" classname="org.mybatis.generator.JavaCodeGenerationTest" time="0.002"/>
  <testcase name="testJavaParse[253]" classname="org.mybatis.generator.JavaCodeGenerationTest" time="0.013"/>
  <testcase name="testJavaParse[254]" classname="org.mybatis.generator.JavaCodeGenerationTest" time="0.048"/>
  <testcase name="testJavaParse[255]" classname="org.mybatis.generator.JavaCodeGenerationTest" time="0.013"/>
  <testcase name="testJavaParse[256]" classname="org.mybatis.generator.JavaCodeGenerationTest" time="0.013"/>
  <testcase name="testJavaParse[257]" classname="org.mybatis.generator.JavaCodeGenerationTest" time="0.016"/>
  <testcase name="testJavaParse[258]" classname="org.mybatis.generator.JavaCodeGenerationTest" time="0.041"/>
  <testcase name="testJavaParse[259]" classname="org.mybatis.generator.JavaCodeGenerationTest" time="0.005"/>
  <testcase name="testJavaParse[260]" classname="org.mybatis.generator.JavaCodeGenerationTest" time="0.013"/>
  <testcase name="testJavaParse[261]" classname="org.mybatis.generator.JavaCodeGenerationTest" time="0.031"/>
  <testcase name="testJavaParse[262]" classname="org.mybatis.generator.JavaCodeGenerationTest" time="0.036"/>
  <testcase name="testJavaParse[263]" classname="org.mybatis.generator.JavaCodeGenerationTest" time="0.021"/>
  <testcase name="testJavaParse[264]" classname="org.mybatis.generator.JavaCodeGenerationTest" time="0.003"/>
  <testcase name="testJavaParse[265]" classname="org.mybatis.generator.JavaCodeGenerationTest" time="0.004"/>
  <testcase name="testJavaParse[266]" classname="org.mybatis.generator.JavaCodeGenerationTest" time="0.006"/>
  <testcase name="testJavaParse[267]" classname="org.mybatis.generator.JavaCodeGenerationTest" time="0.013"/>
  <testcase name="testJavaParse[268]" classname="org.mybatis.generator.JavaCodeGenerationTest" time="0.001"/>
  <testcase name="testJavaParse[269]" classname="org.mybatis.generator.JavaCodeGenerationTest" time="0.002"/>
  <testcase name="testJavaParse[270]" classname="org.mybatis.generator.JavaCodeGenerationTest" time="0.01"/>
  <testcase name="testJavaParse[271]" classname="org.mybatis.generator.JavaCodeGenerationTest" time="0.014"/>
  <testcase name="testJavaParse[272]" classname="org.mybatis.generator.JavaCodeGenerationTest" time="0.005"/>
  <testcase name="testJavaParse[273]" classname="org.mybatis.generator.JavaCodeGenerationTest" time="0.004"/>
  <testcase name="testJavaParse[274]" classname="org.mybatis.generator.JavaCodeGenerationTest" time="0.01"/>
  <testcase name="testJavaParse[275]" classname="org.mybatis.generator.JavaCodeGenerationTest" time="0.009"/>
  <testcase name="testJavaParse[276]" classname="org.mybatis.generator.JavaCodeGenerationTest" time="0.004"/>
  <testcase name="testJavaParse[277]" classname="org.mybatis.generator.JavaCodeGenerationTest" time="0.002"/>
  <testcase name="testJavaParse[278]" classname="org.mybatis.generator.JavaCodeGenerationTest" time="0.006"/>
  <testcase name="testJavaParse[279]" classname="org.mybatis.generator.JavaCodeGenerationTest" time="0.013"/>
  <testcase name="testJavaParse[280]" classname="org.mybatis.generator.JavaCodeGenerationTest" time="0.001"/>
  <testcase name="testJavaParse[281]" classname="org.mybatis.generator.JavaCodeGenerationTest" time="0.002"/>
  <testcase name="testJavaParse[282]" classname="org.mybatis.generator.JavaCodeGenerationTest" time="0.009"/>
  <testcase name="testJavaParse[283]" classname="org.mybatis.generator.JavaCodeGenerationTest" time="0.009"/>
  <testcase name="testJavaParse[284]" classname="org.mybatis.generator.JavaCodeGenerationTest" time="0.001"/>
  <testcase name="testJavaParse[285]" classname="org.mybatis.generator.JavaCodeGenerationTest" time="0.002"/>
  <testcase name="testJavaParse[286]" classname="org.mybatis.generator.JavaCodeGenerationTest" time="0.003"/>
  <testcase name="testJavaParse[287]" classname="org.mybatis.generator.JavaCodeGenerationTest" time="0.015"/>
  <testcase name="testJavaParse[288]" classname="org.mybatis.generator.JavaCodeGenerationTest" time="0.019"/>
  <testcase name="testJavaParse[289]" classname="org.mybatis.generator.JavaCodeGenerationTest" time="0.001"/>
  <testcase name="testJavaParse[290]" classname="org.mybatis.generator.JavaCodeGenerationTest" time="0.002"/>
  <testcase name="testJavaParse[291]" classname="org.mybatis.generator.JavaCodeGenerationTest" time="0.01"/>
  <testcase name="testJavaParse[292]" classname="org.mybatis.generator.JavaCodeGenerationTest" time="0.009"/>
  <testcase name="testJavaParse[293]" classname="org.mybatis.generator.JavaCodeGenerationTest" time="0.001"/>
  <testcase name="testJavaParse[294]" classname="org.mybatis.generator.JavaCodeGenerationTest" time="0.001"/>
  <testcase name="testJavaParse[295]" classname="org.mybatis.generator.JavaCodeGenerationTest" time="0.009"/>
  <testcase name="testJavaParse[296]" classname="org.mybatis.generator.JavaCodeGenerationTest" time="0.011"/>
  <testcase name="testJavaParse[297]" classname="org.mybatis.generator.JavaCodeGenerationTest" time="0.038"/>
  <testcase name="testJavaParse[298]" classname="org.mybatis.generator.JavaCodeGenerationTest" time="0.006"/>
  <testcase name="testJavaParse[299]" classname="org.mybatis.generator.JavaCodeGenerationTest" time="0.006"/>
  <testcase name="testJavaParse[300]" classname="org.mybatis.generator.JavaCodeGenerationTest" time="0.009"/>
  <testcase name="testJavaParse[301]" classname="org.mybatis.generator.JavaCodeGenerationTest" time="0.011"/>
  <testcase name="testJavaParse[302]" classname="org.mybatis.generator.JavaCodeGenerationTest" time="0.014"/>
  <testcase name="testJavaParse[303]" classname="org.mybatis.generator.JavaCodeGenerationTest" time="0"/>
  <testcase name="testJavaParse[304]" classname="org.mybatis.generator.JavaCodeGenerationTest" time="0.001"/>
  <testcase name="testJavaParse[305]" classname="org.mybatis.generator.JavaCodeGenerationTest" time="0.001"/>
  <testcase name="testJavaParse[306]" classname="org.mybatis.generator.JavaCodeGenerationTest" time="0.007"/>
  <testcase name="testJavaParse[307]" classname="org.mybatis.generator.JavaCodeGenerationTest" time="0.013"/>
  <testcase name="testJavaParse[308]" classname="org.mybatis.generator.JavaCodeGenerationTest" time="0.011"/>
  <testcase name="testJavaParse[309]" classname="org.mybatis.generator.JavaCodeGenerationTest" time="0.002"/>
  <testcase name="testJavaParse[310]" classname="org.mybatis.generator.JavaCodeGenerationTest" time="0.002"/>
  <testcase name="testJavaParse[311]" classname="org.mybatis.generator.JavaCodeGenerationTest" time="0.007"/>
  <testcase name="testJavaParse[312]" classname="org.mybatis.generator.JavaCodeGenerationTest" time="0.002"/>
  <testcase name="testJavaParse[313]" classname="org.mybatis.generator.JavaCodeGenerationTest" time="0.001"/>
  <testcase name="testJavaParse[314]" classname="org.mybatis.generator.JavaCodeGenerationTest" time="0.053"/>
  <testcase name="testJavaParse[315]" classname="org.mybatis.generator.JavaCodeGenerationTest" time="0.007"/>
  <testcase name="testJavaParse[316]" classname="org.mybatis.generator.JavaCodeGenerationTest" time="0.003"/>
  <testcase name="testJavaParse[317]" classname="org.mybatis.generator.JavaCodeGenerationTest" time="0.01"/>
  <testcase name="testJavaParse[318]" classname="org.mybatis.generator.JavaCodeGenerationTest" time="0.006"/>
  <testcase name="testJavaParse[319]" classname="org.mybatis.generator.JavaCodeGenerationTest" time="0.002"/>
  <testcase name="testJavaParse[320]" classname="org.mybatis.generator.JavaCodeGenerationTest" time="0.011"/>
  <testcase name="testJavaParse[321]" classname="org.mybatis.generator.JavaCodeGenerationTest" time="0.003"/>
  <testcase name="testJavaParse[322]" classname="org.mybatis.generator.JavaCodeGenerationTest" time="0.007"/>
  <testcase name="testJavaParse[323]" classname="org.mybatis.generator.JavaCodeGenerationTest" time="0.012"/>
  <testcase name="testJavaParse[324]" classname="org.mybatis.generator.JavaCodeGenerationTest" time="0.006"/>
  <testcase name="testJavaParse[325]" classname="org.mybatis.generator.JavaCodeGenerationTest" time="0.005"/>
  <testcase name="testJavaParse[326]" classname="org.mybatis.generator.JavaCodeGenerationTest" time="0.063"/>
  <testcase name="testJavaParse[327]" classname="org.mybatis.generator.JavaCodeGenerationTest" time="0.011"/>
  <testcase name="testJavaParse[328]" classname="org.mybatis.generator.JavaCodeGenerationTest" time="0.003"/>
  <testcase name="testJavaParse[329]" classname="org.mybatis.generator.JavaCodeGenerationTest" time="0.012"/>
  <testcase name="testJavaParse[330]" classname="org.mybatis.generator.JavaCodeGenerationTest" time="0.002"/>
  <testcase name="testJavaParse[331]" classname="org.mybatis.generator.JavaCodeGenerationTest" time="0.001"/>
  <testcase name="testJavaParse[332]" classname="org.mybatis.generator.JavaCodeGenerationTest" time="0.012"/>
  <testcase name="testJavaParse[333]" classname="org.mybatis.generator.JavaCodeGenerationTest" time="0.002"/>
  <testcase name="testJavaParse[334]" classname="org.mybatis.generator.JavaCodeGenerationTest" time="0.004"/>
  <testcase name="testJavaParse[335]" classname="org.mybatis.generator.JavaCodeGenerationTest" time="0.034"/>
  <testcase name="testJavaParse[336]" classname="org.mybatis.generator.JavaCodeGenerationTest" time="0.002"/>
  <testcase name="testJavaParse[337]" classname="org.mybatis.generator.JavaCodeGenerationTest" time="0.008"/>
  <testcase name="testJavaParse[338]" classname="org.mybatis.generator.JavaCodeGenerationTest" time="0.003"/>
  <testcase name="testJavaParse[339]" classname="org.mybatis.generator.JavaCodeGenerationTest" time="0.006"/>
  <testcase name="testJavaParse[340]" classname="org.mybatis.generator.JavaCodeGenerationTest" time="0.001"/>
  <testcase name="testJavaParse[341]" classname="org.mybatis.generator.JavaCodeGenerationTest" time="0.007"/>
  <testcase name="testJavaParse[342]" classname="org.mybatis.generator.JavaCodeGenerationTest" time="0.004"/>
  <testcase name="testJavaParse[343]" classname="org.mybatis.generator.JavaCodeGenerationTest" time="0.021"/>
  <testcase name="testJavaParse[344]" classname="org.mybatis.generator.JavaCodeGenerationTest" time="0.006"/>
  <testcase name="testJavaParse[345]" classname="org.mybatis.generator.JavaCodeGenerationTest" time="0.005"/>
  <testcase name="testJavaParse[346]" classname="org.mybatis.generator.JavaCodeGenerationTest" time="0.004"/>
  <testcase name="testJavaParse[347]" classname="org.mybatis.generator.JavaCodeGenerationTest" time="0.007"/>
  <testcase name="testJavaParse[348]" classname="org.mybatis.generator.JavaCodeGenerationTest" time="0.019"/>
  <testcase name="testJavaParse[349]" classname="org.mybatis.generator.JavaCodeGenerationTest" time="0.004"/>
  <testcase name="testJavaParse[350]" classname="org.mybatis.generator.JavaCodeGenerationTest" time="0.009"/>
  <testcase name="testJavaParse[351]" classname="org.mybatis.generator.JavaCodeGenerationTest" time="0.003"/>
  <testcase name="testJavaParse[352]" classname="org.mybatis.generator.JavaCodeGenerationTest" time="0.102"/>
  <testcase name="testJavaParse[353]" classname="org.mybatis.generator.JavaCodeGenerationTest" time="0.004"/>
  <testcase name="testJavaParse[354]" classname="org.mybatis.generator.JavaCodeGenerationTest" time="0.022"/>
  <testcase name="testJavaParse[355]" classname="org.mybatis.generator.JavaCodeGenerationTest" time="0.012"/>
  <testcase name="testJavaParse[356]" classname="org.mybatis.generator.JavaCodeGenerationTest" time="0.025"/>
  <testcase name="testJavaParse[357]" classname="org.mybatis.generator.JavaCodeGenerationTest" time="0.004"/>
  <testcase name="testJavaParse[358]" classname="org.mybatis.generator.JavaCodeGenerationTest" time="0.002"/>
  <testcase name="testJavaParse[359]" classname="org.mybatis.generator.JavaCodeGenerationTest" time="0.03"/>
  <testcase name="testJavaParse[360]" classname="org.mybatis.generator.JavaCodeGenerationTest" time="0.01"/>
  <testcase name="testJavaParse[361]" classname="org.mybatis.generator.JavaCodeGenerationTest" time="0.008"/>
  <testcase name="testJavaParse[362]" classname="org.mybatis.generator.JavaCodeGenerationTest" time="0.078"/>
  <testcase name="testJavaParse[363]" classname="org.mybatis.generator.JavaCodeGenerationTest" time="0.003"/>
  <testcase name="testJavaParse[364]" classname="org.mybatis.generator.JavaCodeGenerationTest" time="0.02"/>
  <testcase name="testJavaParse[365]" classname="org.mybatis.generator.JavaCodeGenerationTest" time="0.006"/>
  <testcase name="testJavaParse[366]" classname="org.mybatis.generator.JavaCodeGenerationTest" time="0.017"/>
  <testcase name="testJavaParse[367]" classname="org.mybatis.generator.JavaCodeGenerationTest" time="0.006"/>
  <testcase name="testJavaParse[368]" classname="org.mybatis.generator.JavaCodeGenerationTest" time="0.004"/>
  <testcase name="testJavaParse[369]" classname="org.mybatis.generator.JavaCodeGenerationTest" time="0.029"/>
  <testcase name="testJavaParse[370]" classname="org.mybatis.generator.JavaCodeGenerationTest" time="0.003"/>
  <testcase name="testJavaParse[371]" classname="org.mybatis.generator.JavaCodeGenerationTest" time="0.005"/>
  <testcase name="testJavaParse[372]" classname="org.mybatis.generator.JavaCodeGenerationTest" time="0.007"/>
  <testcase name="testJavaParse[373]" classname="org.mybatis.generator.JavaCodeGenerationTest" time="0.009"/>
  <testcase name="testJavaParse[374]" classname="org.mybatis.generator.JavaCodeGenerationTest" time="0.008"/>
  <testcase name="testJavaParse[375]" classname="org.mybatis.generator.JavaCodeGenerationTest" time="0.004"/>
  <testcase name="testJavaParse[376]" classname="org.mybatis.generator.JavaCodeGenerationTest" time="0.002"/>
  <testcase name="testJavaParse[377]" classname="org.mybatis.generator.JavaCodeGenerationTest" time="0.039"/>
  <testcase name="testJavaParse[378]" classname="org.mybatis.generator.JavaCodeGenerationTest" time="0.012"/>
  <testcase name="testJavaParse[379]" classname="org.mybatis.generator.JavaCodeGenerationTest" time="0.003"/>
  <testcase name="testJavaParse[380]" classname="org.mybatis.generator.JavaCodeGenerationTest" time="0.043"/>
  <testcase name="testJavaParse[381]" classname="org.mybatis.generator.JavaCodeGenerationTest" time="0.006"/>
  <testcase name="testJavaParse[382]" classname="org.mybatis.generator.JavaCodeGenerationTest" time="0.006"/>
  <testcase name="testJavaParse[383]" classname="org.mybatis.generator.JavaCodeGenerationTest" time="0.009"/>
  <testcase name="testJavaParse[384]" classname="org.mybatis.generator.JavaCodeGenerationTest" time="0.015"/>
  <testcase name="testJavaParse[385]" classname="org.mybatis.generator.JavaCodeGenerationTest" time="0.005"/>
  <testcase name="testJavaParse[386]" classname="org.mybatis.generator.JavaCodeGenerationTest" time="0.002"/>
  <testcase name="testJavaParse[387]" classname="org.mybatis.generator.JavaCodeGenerationTest" time="0.01"/>
  <testcase name="testJavaParse[388]" classname="org.mybatis.generator.JavaCodeGenerationTest" time="0.002"/>
  <testcase name="testJavaParse[389]" classname="org.mybatis.generator.JavaCodeGenerationTest" time="0.002"/>
  <testcase name="testJavaParse[390]" classname="org.mybatis.generator.JavaCodeGenerationTest" time="0.021"/>
  <testcase name="testJavaParse[391]" classname="org.mybatis.generator.JavaCodeGenerationTest" time="0"/>
  <testcase name="testJavaParse[392]" classname="org.mybatis.generator.JavaCodeGenerationTest" time="0.003"/>
  <testcase name="testJavaParse[393]" classname="org.mybatis.generator.JavaCodeGenerationTest" time="0.008"/>
  <testcase name="testJavaParse[394]" classname="org.mybatis.generator.JavaCodeGenerationTest" time="0.001"/>
  <testcase name="testJavaParse[395]" classname="org.mybatis.generator.JavaCodeGenerationTest" time="0.001"/>
  <testcase name="testJavaParse[396]" classname="org.mybatis.generator.JavaCodeGenerationTest" time="0.002"/>
  <testcase name="testJavaParse[397]" classname="org.mybatis.generator.JavaCodeGenerationTest" time="0.009"/>
  <testcase name="testJavaParse[398]" classname="org.mybatis.generator.JavaCodeGenerationTest" time="0.001"/>
  <testcase name="testJavaParse[399]" classname="org.mybatis.generator.JavaCodeGenerationTest" time="0.003"/>
  <testcase name="testJavaParse[400]" classname="org.mybatis.generator.JavaCodeGenerationTest" time="0.008"/>
  <testcase name="testJavaParse[401]" classname="org.mybatis.generator.JavaCodeGenerationTest" time="0.001"/>
  <testcase name="testJavaParse[402]" classname="org.mybatis.generator.JavaCodeGenerationTest" time="0.001"/>
  <testcase name="testJavaParse[403]" classname="org.mybatis.generator.JavaCodeGenerationTest" time="0.003"/>
  <testcase name="testJavaParse[404]" classname="org.mybatis.generator.JavaCodeGenerationTest" time="0.035"/>
  <testcase name="testJavaParse[405]" classname="org.mybatis.generator.JavaCodeGenerationTest" time="0.001"/>
  <testcase name="testJavaParse[406]" classname="org.mybatis.generator.JavaCodeGenerationTest" time="0.007"/>
  <testcase name="testJavaParse[407]" classname="org.mybatis.generator.JavaCodeGenerationTest" time="0.003"/>
  <testcase name="testJavaParse[408]" classname="org.mybatis.generator.JavaCodeGenerationTest" time="0.016"/>
  <testcase name="testJavaParse[409]" classname="org.mybatis.generator.JavaCodeGenerationTest" time="0.001"/>
  <testcase name="testJavaParse[410]" classname="org.mybatis.generator.JavaCodeGenerationTest" time="0.001"/>
  <testcase name="testJavaParse[411]" classname="org.mybatis.generator.JavaCodeGenerationTest" time="0.001"/>
  <testcase name="testJavaParse[412]" classname="org.mybatis.generator.JavaCodeGenerationTest" time="0.003"/>
  <testcase name="testJavaParse[413]" classname="org.mybatis.generator.JavaCodeGenerationTest" time="0.002"/>
  <testcase name="testJavaParse[414]" classname="org.mybatis.generator.JavaCodeGenerationTest" time="0"/>
  <testcase name="testJavaParse[415]" classname="org.mybatis.generator.JavaCodeGenerationTest" time="0.005"/>
  <testcase name="testJavaParse[416]" classname="org.mybatis.generator.JavaCodeGenerationTest" time="0"/>
  <testcase name="testJavaParse[417]" classname="org.mybatis.generator.JavaCodeGenerationTest" time="0.015"/>
  <testcase name="testJavaParse[418]" classname="org.mybatis.generator.JavaCodeGenerationTest" time="0.001"/>
  <testcase name="testJavaParse[419]" classname="org.mybatis.generator.JavaCodeGenerationTest" time="0.004"/>
  <testcase name="testJavaParse[420]" classname="org.mybatis.generator.JavaCodeGenerationTest" time="0.001"/>
  <testcase name="testJavaParse[421]" classname="org.mybatis.generator.JavaCodeGenerationTest" time="0.006"/>
  <testcase name="testJavaParse[422]" classname="org.mybatis.generator.JavaCodeGenerationTest" time="0.002"/>
  <testcase name="testJavaParse[423]" classname="org.mybatis.generator.JavaCodeGenerationTest" time="0.007"/>
  <testcase name="testJavaParse[424]" classname="org.mybatis.generator.JavaCodeGenerationTest" time="0.001"/>
  <testcase name="testJavaParse[425]" classname="org.mybatis.generator.JavaCodeGenerationTest" time="0.011"/>
  <testcase name="testJavaParse[426]" classname="org.mybatis.generator.JavaCodeGenerationTest" time="0"/>
  <testcase name="testJavaParse[427]" classname="org.mybatis.generator.JavaCodeGenerationTest" time="0.003"/>
  <testcase name="testJavaParse[428]" classname="org.mybatis.generator.JavaCodeGenerationTest" time="0.001"/>
  <testcase name="testJavaParse[429]" classname="org.mybatis.generator.JavaCodeGenerationTest" time="0.005"/>
  <testcase name="testJavaParse[430]" classname="org.mybatis.generator.JavaCodeGenerationTest" time="0.001"/>
  <testcase name="testJavaParse[431]" classname="org.mybatis.generator.JavaCodeGenerationTest" time="0.009"/>
  <testcase name="testJavaParse[432]" classname="org.mybatis.generator.JavaCodeGenerationTest" time="0.005"/>
  <testcase name="testJavaParse[433]" classname="org.mybatis.generator.JavaCodeGenerationTest" time="0.002"/>
  <testcase name="testJavaParse[434]" classname="org.mybatis.generator.JavaCodeGenerationTest" time="0.002"/>
  <testcase name="testJavaParse[435]" classname="org.mybatis.generator.JavaCodeGenerationTest" time="0.007"/>
  <testcase name="testJavaParse[436]" classname="org.mybatis.generator.JavaCodeGenerationTest" time="0.004"/>
  <testcase name="testJavaParse[437]" classname="org.mybatis.generator.JavaCodeGenerationTest" time="0.006"/>
  <testcase name="testJavaParse[438]" classname="org.mybatis.generator.JavaCodeGenerationTest" time="0.002"/>
  <testcase name="testJavaParse[439]" classname="org.mybatis.generator.JavaCodeGenerationTest" time="0.018"/>
  <testcase name="testJavaParse[440]" classname="org.mybatis.generator.JavaCodeGenerationTest" time="0.007"/>
  <testcase name="testJavaParse[441]" classname="org.mybatis.generator.JavaCodeGenerationTest" time="0.003"/>
  <testcase name="testJavaParse[442]" classname="org.mybatis.generator.JavaCodeGenerationTest" time="0.014"/>
  <testcase name="testJavaParse[443]" classname="org.mybatis.generator.JavaCodeGenerationTest" time="0.001"/>
  <testcase name="testJavaParse[444]" classname="org.mybatis.generator.JavaCodeGenerationTest" time="0.006"/>
  <testcase name="testJavaParse[445]" classname="org.mybatis.generator.JavaCodeGenerationTest" time="0.007"/>
  <testcase name="testJavaParse[446]" classname="org.mybatis.generator.JavaCodeGenerationTest" time="0.002"/>
  <testcase name="testJavaParse[447]" classname="org.mybatis.generator.JavaCodeGenerationTest" time="0.01"/>
  <testcase name="testJavaParse[448]" classname="org.mybatis.generator.JavaCodeGenerationTest" time="0.014"/>
  <testcase name="testJavaParse[449]" classname="org.mybatis.generator.JavaCodeGenerationTest" time="0.007"/>
  <testcase name="testJavaParse[450]" classname="org.mybatis.generator.JavaCodeGenerationTest" time="0.003"/>
  <testcase name="testJavaParse[451]" classname="org.mybatis.generator.JavaCodeGenerationTest" time="0.007"/>
  <testcase name="testJavaParse[452]" classname="org.mybatis.generator.JavaCodeGenerationTest" time="0.002"/>
  <testcase name="testJavaParse[453]" classname="org.mybatis.generator.JavaCodeGenerationTest" time="0.004"/>
  <testcase name="testJavaParse[454]" classname="org.mybatis.generator.JavaCodeGenerationTest" time="0.01"/>
  <testcase name="testJavaParse[455]" classname="org.mybatis.generator.JavaCodeGenerationTest" time="0.002"/>
  <testcase name="testJavaParse[456]" classname="org.mybatis.generator.JavaCodeGenerationTest" time="0.004"/>
  <testcase name="testJavaParse[457]" classname="org.mybatis.generator.JavaCodeGenerationTest" time="0.011"/>
  <testcase name="testJavaParse[458]" classname="org.mybatis.generator.JavaCodeGenerationTest" time="0.005"/>
  <testcase name="testJavaParse[459]" classname="org.mybatis.generator.JavaCodeGenerationTest" time="0.015"/>
  <testcase name="testJavaParse[460]" classname="org.mybatis.generator.JavaCodeGenerationTest" time="0.015"/>
  <testcase name="testJavaParse[461]" classname="org.mybatis.generator.JavaCodeGenerationTest" time="0.009"/>
  <testcase name="testJavaParse[462]" classname="org.mybatis.generator.JavaCodeGenerationTest" time="0.009"/>
  <testcase name="testJavaParse[463]" classname="org.mybatis.generator.JavaCodeGenerationTest" time="0.011"/>
  <testcase name="testJavaParse[464]" classname="org.mybatis.generator.JavaCodeGenerationTest" time="0.003"/>
  <testcase name="testJavaParse[465]" classname="org.mybatis.generator.JavaCodeGenerationTest" time="0.004"/>
  <testcase name="testJavaParse[466]" classname="org.mybatis.generator.JavaCodeGenerationTest" time="0.01"/>
  <testcase name="testJavaParse[467]" classname="org.mybatis.generator.JavaCodeGenerationTest" time="0.003"/>
  <testcase name="testJavaParse[468]" classname="org.mybatis.generator.JavaCodeGenerationTest" time="0.002"/>
  <testcase name="testJavaParse[469]" classname="org.mybatis.generator.JavaCodeGenerationTest" time="0.016"/>
  <testcase name="testJavaParse[470]" classname="org.mybatis.generator.JavaCodeGenerationTest" time="0.001"/>
  <testcase name="testJavaParse[471]" classname="org.mybatis.generator.JavaCodeGenerationTest" time="0.003"/>
  <testcase name="testJavaParse[472]" classname="org.mybatis.generator.JavaCodeGenerationTest" time="0.008"/>
  <testcase name="testJavaParse[473]" classname="org.mybatis.generator.JavaCodeGenerationTest" time="0.002"/>
  <testcase name="testJavaParse[474]" classname="org.mybatis.generator.JavaCodeGenerationTest" time="0.002"/>
  <testcase name="testJavaParse[475]" classname="org.mybatis.generator.JavaCodeGenerationTest" time="0.005"/>
  <testcase name="testJavaParse[476]" classname="org.mybatis.generator.JavaCodeGenerationTest" time="0.005"/>
  <testcase name="testJavaParse[477]" classname="org.mybatis.generator.JavaCodeGenerationTest" time="0.012"/>
  <testcase name="testJavaParse[478]" classname="org.mybatis.generator.JavaCodeGenerationTest" time="0.002"/>
  <testcase name="testJavaParse[479]" classname="org.mybatis.generator.JavaCodeGenerationTest" time="0.003"/>
  <testcase name="testJavaParse[480]" classname="org.mybatis.generator.JavaCodeGenerationTest" time="0.001"/>
  <testcase name="testJavaParse[481]" classname="org.mybatis.generator.JavaCodeGenerationTest" time="0.008"/>
  <testcase name="testJavaParse[482]" classname="org.mybatis.generator.JavaCodeGenerationTest" time="0.002"/>
  <testcase name="testJavaParse[483]" classname="org.mybatis.generator.JavaCodeGenerationTest" time="0.005"/>
  <testcase name="testJavaParse[484]" classname="org.mybatis.generator.JavaCodeGenerationTest" time="0.001"/>
  <testcase name="testJavaParse[485]" classname="org.mybatis.generator.JavaCodeGenerationTest" time="0.047"/>
  <testcase name="testJavaParse[486]" classname="org.mybatis.generator.JavaCodeGenerationTest" time="0.009"/>
  <testcase name="testJavaParse[487]" classname="org.mybatis.generator.JavaCodeGenerationTest" time="0.006"/>
  <testcase name="testJavaParse[488]" classname="org.mybatis.generator.JavaCodeGenerationTest" time="0.001"/>
  <testcase name="testJavaParse[489]" classname="org.mybatis.generator.JavaCodeGenerationTest" time="0.013"/>
  <testcase name="testJavaParse[490]" classname="org.mybatis.generator.JavaCodeGenerationTest" time="0.004"/>
  <testcase name="testJavaParse[491]" classname="org.mybatis.generator.JavaCodeGenerationTest" time="0.008"/>
  <testcase name="testJavaParse[492]" classname="org.mybatis.generator.JavaCodeGenerationTest" time="0.002"/>
  <testcase name="testJavaParse[493]" classname="org.mybatis.generator.JavaCodeGenerationTest" time="0.018"/>
  <testcase name="testJavaParse[494]" classname="org.mybatis.generator.JavaCodeGenerationTest" time="0.004"/>
  <testcase name="testJavaParse[495]" classname="org.mybatis.generator.JavaCodeGenerationTest" time="0.006"/>
  <testcase name="testJavaParse[496]" classname="org.mybatis.generator.JavaCodeGenerationTest" time="0.002"/>
  <testcase name="testJavaParse[497]" classname="org.mybatis.generator.JavaCodeGenerationTest" time="0.018"/>
  <testcase name="testJavaParse[498]" classname="org.mybatis.generator.JavaCodeGenerationTest" time="0.004"/>
  <testcase name="testJavaParse[499]" classname="org.mybatis.generator.JavaCodeGenerationTest" time="0.005"/>
  <testcase name="testJavaParse[500]" classname="org.mybatis.generator.JavaCodeGenerationTest" time="0.003"/>
  <testcase name="testJavaParse[501]" classname="org.mybatis.generator.JavaCodeGenerationTest" time="0.038"/>
  <testcase name="testJavaParse[502]" classname="org.mybatis.generator.JavaCodeGenerationTest" time="0.009"/>
  <testcase name="testJavaParse[503]" classname="org.mybatis.generator.JavaCodeGenerationTest" time="0.003"/>
  <testcase name="testJavaParse[504]" classname="org.mybatis.generator.JavaCodeGenerationTest" time="0.001"/>
  <testcase name="testJavaParse[505]" classname="org.mybatis.generator.JavaCodeGenerationTest" time="0.01"/>
  <testcase name="testJavaParse[506]" classname="org.mybatis.generator.JavaCodeGenerationTest" time="0.008"/>
  <testcase name="testJavaParse[507]" classname="org.mybatis.generator.JavaCodeGenerationTest" time="0.005"/>
  <testcase name="testJavaParse[508]" classname="org.mybatis.generator.JavaCodeGenerationTest" time="0.001"/>
  <testcase name="testJavaParse[509]" classname="org.mybatis.generator.JavaCodeGenerationTest" time="0.019"/>
  <testcase name="testJavaParse[510]" classname="org.mybatis.generator.JavaCodeGenerationTest" time="0.003"/>
  <testcase name="testJavaParse[511]" classname="org.mybatis.generator.JavaCodeGenerationTest" time="0.005"/>
  <testcase name="testJavaParse[512]" classname="org.mybatis.generator.JavaCodeGenerationTest" time="0.002"/>
  <testcase name="testJavaParse[513]" classname="org.mybatis.generator.JavaCodeGenerationTest" time="0.086"/>
  <testcase name="testJavaParse[514]" classname="org.mybatis.generator.JavaCodeGenerationTest" time="0.002"/>
  <testcase name="testJavaParse[515]" classname="org.mybatis.generator.JavaCodeGenerationTest" time="0.012"/>
  <testcase name="testJavaParse[516]" classname="org.mybatis.generator.JavaCodeGenerationTest" time="0.009"/>
  <testcase name="testJavaParse[517]" classname="org.mybatis.generator.JavaCodeGenerationTest" time="0.005"/>
  <testcase name="testJavaParse[518]" classname="org.mybatis.generator.JavaCodeGenerationTest" time="0.017"/>
  <testcase name="testJavaParse[519]" classname="org.mybatis.generator.JavaCodeGenerationTest" time="0.002"/>
  <testcase name="testJavaParse[520]" classname="org.mybatis.generator.JavaCodeGenerationTest" time="0.004"/>
  <testcase name="testJavaParse[521]" classname="org.mybatis.generator.JavaCodeGenerationTest" time="0.009"/>
  <testcase name="testJavaParse[522]" classname="org.mybatis.generator.JavaCodeGenerationTest" time="0.003"/>
  <testcase name="testJavaParse[523]" classname="org.mybatis.generator.JavaCodeGenerationTest" time="0.026"/>
  <testcase name="testJavaParse[524]" classname="org.mybatis.generator.JavaCodeGenerationTest" time="0.003"/>
  <testcase name="testJavaParse[525]" classname="org.mybatis.generator.JavaCodeGenerationTest" time="0.003"/>
  <testcase name="testJavaParse[526]" classname="org.mybatis.generator.JavaCodeGenerationTest" time="0.007"/>
  <testcase name="testJavaParse[527]" classname="org.mybatis.generator.JavaCodeGenerationTest" time="0.01"/>
  <testcase name="testJavaParse[528]" classname="org.mybatis.generator.JavaCodeGenerationTest" time="0.004"/>
  <testcase name="testJavaParse[529]" classname="org.mybatis.generator.JavaCodeGenerationTest" time="0.024"/>
  <testcase name="testJavaParse[530]" classname="org.mybatis.generator.JavaCodeGenerationTest" time="0.003"/>
  <testcase name="testJavaParse[531]" classname="org.mybatis.generator.JavaCodeGenerationTest" time="0.004"/>
  <testcase name="testJavaParse[532]" classname="org.mybatis.generator.JavaCodeGenerationTest" time="0.009"/>
  <testcase name="testJavaParse[533]" classname="org.mybatis.generator.JavaCodeGenerationTest" time="0.007"/>
  <testcase name="testJavaParse[534]" classname="org.mybatis.generator.JavaCodeGenerationTest" time="0.095"/>
  <testcase name="testJavaParse[535]" classname="org.mybatis.generator.JavaCodeGenerationTest" time="0.002"/>
  <testcase name="testJavaParse[536]" classname="org.mybatis.generator.JavaCodeGenerationTest" time="0.018"/>
  <testcase name="testJavaParse[537]" classname="org.mybatis.generator.JavaCodeGenerationTest" time="0.005"/>
  <testcase name="testJavaParse[538]" classname="org.mybatis.generator.JavaCodeGenerationTest" time="0.005"/>
  <testcase name="testJavaParse[539]" classname="org.mybatis.generator.JavaCodeGenerationTest" time="0.024"/>
  <testcase name="testJavaParse[540]" classname="org.mybatis.generator.JavaCodeGenerationTest" time="0.006"/>
  <testcase name="testJavaParse[541]" classname="org.mybatis.generator.JavaCodeGenerationTest" time="0.007"/>
  <testcase name="testJavaParse[542]" classname="org.mybatis.generator.JavaCodeGenerationTest" time="0.002"/>
  <testcase name="testJavaParse[543]" classname="org.mybatis.generator.JavaCodeGenerationTest" time="0.017"/>
  <testcase name="testJavaParse[544]" classname="org.mybatis.generator.JavaCodeGenerationTest" time="0.003"/>
  <testcase name="testJavaParse[545]" classname="org.mybatis.generator.JavaCodeGenerationTest" time="0.008"/>
  <testcase name="testJavaParse[546]" classname="org.mybatis.generator.JavaCodeGenerationTest" time="0.002"/>
  <testcase name="testJavaParse[547]" classname="org.mybatis.generator.JavaCodeGenerationTest" time="0.045"/>
  <testcase name="testJavaParse[548]" classname="org.mybatis.generator.JavaCodeGenerationTest" time="0.002"/>
  <testcase name="testJavaParse[549]" classname="org.mybatis.generator.JavaCodeGenerationTest" time="0.01"/>
  <testcase name="testJavaParse[550]" classname="org.mybatis.generator.JavaCodeGenerationTest" time="0.004"/>
  <testcase name="testJavaParse[551]" classname="org.mybatis.generator.JavaCodeGenerationTest" time="0.001"/>
  <testcase name="testJavaParse[552]" classname="org.mybatis.generator.JavaCodeGenerationTest" time="0.006"/>
  <testcase name="testJavaParse[553]" classname="org.mybatis.generator.JavaCodeGenerationTest" time="0.002"/>
  <testcase name="testJavaParse[554]" classname="org.mybatis.generator.JavaCodeGenerationTest" time="0.007"/>
  <testcase name="testJavaParse[555]" classname="org.mybatis.generator.JavaCodeGenerationTest" time="0.002"/>
  <testcase name="testJavaParse[556]" classname="org.mybatis.generator.JavaCodeGenerationTest" time="0.022"/>
  <testcase name="testJavaParse[557]" classname="org.mybatis.generator.JavaCodeGenerationTest" time="0.003"/>
  <testcase name="testJavaParse[558]" classname="org.mybatis.generator.JavaCodeGenerationTest" time="0.002"/>
  <testcase name="testJavaParse[559]" classname="org.mybatis.generator.JavaCodeGenerationTest" time="0.005"/>
  <testcase name="testJavaParse[560]" classname="org.mybatis.generator.JavaCodeGenerationTest" time="0.002"/>
  <testcase name="testJavaParse[561]" classname="org.mybatis.generator.JavaCodeGenerationTest" time="0.013"/>
  <testcase name="testJavaParse[562]" classname="org.mybatis.generator.JavaCodeGenerationTest" time="0.005"/>
  <testcase name="testJavaParse[563]" classname="org.mybatis.generator.JavaCodeGenerationTest" time="0.003"/>
  <testcase name="testJavaParse[564]" classname="org.mybatis.generator.JavaCodeGenerationTest" time="0.005"/>
  <testcase name="testJavaParse[565]" classname="org.mybatis.generator.JavaCodeGenerationTest" time="0.002"/>
  <testcase name="testJavaParse[566]" classname="org.mybatis.generator.JavaCodeGenerationTest" time="0.045"/>
  <testcase name="testJavaParse[567]" classname="org.mybatis.generator.JavaCodeGenerationTest" time="0.013"/>
  <testcase name="testJavaParse[568]" classname="org.mybatis.generator.JavaCodeGenerationTest" time="0.004"/>
  <testcase name="testJavaParse[569]" classname="org.mybatis.generator.JavaCodeGenerationTest" time="0.002"/>
  <testcase name="testJavaParse[570]" classname="org.mybatis.generator.JavaCodeGenerationTest" time="0.044"/>
  <testcase name="testJavaParse[571]" classname="org.mybatis.generator.JavaCodeGenerationTest" time="0.002"/>
  <testcase name="testJavaParse[572]" classname="org.mybatis.generator.JavaCodeGenerationTest" time="0.005"/>
  <testcase name="testJavaParse[573]" classname="org.mybatis.generator.JavaCodeGenerationTest" time="0.009"/>
  <testcase name="testJavaParse[574]" classname="org.mybatis.generator.JavaCodeGenerationTest" time="0.001"/>
  <testcase name="testJavaParse[575]" classname="org.mybatis.generator.JavaCodeGenerationTest" time="0.012"/>
  <testcase name="testJavaParse[576]" classname="org.mybatis.generator.JavaCodeGenerationTest" time="0.002"/>
  <testcase name="testJavaParse[577]" classname="org.mybatis.generator.JavaCodeGenerationTest" time="0.004"/>
  <testcase name="testJavaParse[578]" classname="org.mybatis.generator.JavaCodeGenerationTest" time="0.001"/>
  <testcase name="testJavaParse[579]" classname="org.mybatis.generator.JavaCodeGenerationTest" time="0.024"/>
  <testcase name="testJavaParse[580]" classname="org.mybatis.generator.JavaCodeGenerationTest" time="0.002"/>
</testsuite>