<?xml version="1.0" encoding="UTF-8"?>
<testsuite xmlns:xsi="http://www.w3.org/2001/XMLSchema-instance" xsi:noNamespaceSchemaLocation="https://maven.apache.org/surefire/maven-surefire-plugin/xsd/surefire-test-report.xsd" name="org.mybatis.generator.api.dom.java.InnerClassTest" time="0.009" tests="11" errors="0" skipped="0" failures="0">
  <properties>
[...]
</properties>
  <testcase name="testSetAbstract" classname="org.mybatis.generator.api.dom.java.InnerClassTest" time="0.001"/>
  <testcase name="testAddInnerClasses" classname="org.mybatis.generator.api.dom.java.InnerClassTest" time="0"/>
  <testcase name="testAddTypeParameter" classname="org.mybatis.generator.api.dom.java.InnerClassTest" time="0"/>
  <testcase name="testAddSuperInterface" classname="org.mybatis.generator.api.dom.java.InnerClassTest" time="0"/>
  <testcase name="testGetFormattedContent" classname="org.mybatis.generator.api.dom.java.InnerClassTest" time="0"/>
  <testcase name="testAddInitializationBlock" classname="org.mybatis.generator.api.dom.java.InnerClassTest" time="0"/>
  <testcase name="testAddFields" classname="org.mybatis.generator.api.dom.java.InnerClassTest" time="0"/>
  <testcase name="testAddInnerEnum" classname="org.mybatis.generator.api.dom.java.InnerClassTest" time="0"/>
  <testcase name="testAddMethod" classname="org.mybatis.generator.api.dom.java.InnerClassTest" time="0.001"/>
  <testcase name="testSetSuperClass" classname="org.mybatis.generator.api.dom.java.InnerClassTest" time="0"/>
  <testcase name="testConstructor" classname="org.mybatis.generator.api.dom.java.InnerClassTest" time="0.003"/>
</testsuite>